{"total": {"lines":{"total":309,"covered":183,"skipped":0,"pct":59.22},"statements":{"total":334,"covered":192,"skipped":0,"pct":57.48},"functions":{"total":104,"covered":57,"skipped":0,"pct":54.8},"branches":{"total":241,"covered":117,"skipped":0,"pct":48.54},"branchesTrue":{"total":0,"covered":0,"skipped":0,"pct":100}}
,"C:\\Users\\user\\Documents\\POC\\SeviWeb\\app\\App.tsx": {"lines":{"total":79,"covered":0,"skipped":0,"pct":0},"functions":{"total":28,"covered":0,"skipped":0,"pct":0},"statements":{"total":87,"covered":0,"skipped":0,"pct":0},"branches":{"total":52,"covered":0,"skipped":0,"pct":0}}
,"C:\\Users\\user\\Documents\\POC\\SeviWeb\\app\\components\\AdminDashboard.tsx": {"lines":{"total":26,"covered":0,"skipped":0,"pct":0},"functions":{"total":11,"covered":0,"skipped":0,"pct":0},"statements":{"total":29,"covered":0,"skipped":0,"pct":0},"branches":{"total":37,"covered":0,"skipped":0,"pct":0}}
,"C:\\Users\\user\\Documents\\POC\\SeviWeb\\app\\components\\CategoryCard.tsx": {"lines":{"total":1,"covered":1,"skipped":0,"pct":100},"functions":{"total":1,"covered":1,"skipped":0,"pct":100},"statements":{"total":1,"covered":1,"skipped":0,"pct":100},"branches":{"total":0,"covered":0,"skipped":0,"pct":100}}
,"C:\\Users\\user\\Documents\\POC\\SeviWeb\\app\\components\\ChatMessage.tsx": {"lines":{"total":22,"covered":21,"skipped":0,"pct":95.45},"functions":{"total":7,"covered":7,"skipped":0,"pct":100},"statements":{"total":25,"covered":21,"skipped":0,"pct":84},"branches":{"total":44,"covered":36,"skipped":0,"pct":81.81}}
,"C:\\Users\\user\\Documents\\POC\\SeviWeb\\app\\components\\QuickActionButton.tsx": {"lines":{"total":1,"covered":1,"skipped":0,"pct":100},"functions":{"total":1,"covered":1,"skipped":0,"pct":100},"statements":{"total":1,"covered":1,"skipped":0,"pct":100},"branches":{"total":0,"covered":0,"skipped":0,"pct":100}}
,"C:\\Users\\user\\Documents\\POC\\SeviWeb\\app\\components\\TypingIndicator.tsx": {"lines":{"total":2,"covered":2,"skipped":0,"pct":100},"functions":{"total":2,"covered":2,"skipped":0,"pct":100},"statements":{"total":2,"covered":2,"skipped":0,"pct":100},"branches":{"total":0,"covered":0,"skipped":0,"pct":100}}
,"C:\\Users\\user\\Documents\\POC\\SeviWeb\\app\\lib\\api.ts": {"lines":{"total":18,"covered":11,"skipped":0,"pct":61.11},"functions":{"total":13,"covered":6,"skipped":0,"pct":46.15},"statements":{"total":18,"covered":11,"skipped":0,"pct":61.11},"branches":{"total":5,"covered":4,"skipped":0,"pct":80}}
,"C:\\Users\\user\\Documents\\POC\\SeviWeb\\app\\lib\\cn.ts": {"lines":{"total":1,"covered":1,"skipped":0,"pct":100},"functions":{"total":1,"covered":1,"skipped":0,"pct":100},"statements":{"total":1,"covered":1,"skipped":0,"pct":100},"branches":{"total":0,"covered":0,"skipped":0,"pct":100}}
,"C:\\Users\\user\\Documents\\POC\\SeviWeb\\app\\lib\\iconMap.ts": {"lines":{"total":4,"covered":4,"skipped":0,"pct":100},"functions":{"total":2,"covered":2,"skipped":0,"pct":100},"statements":{"total":5,"covered":5,"skipped":0,"pct":100},"branches":{"total":2,"covered":2,"skipped":0,"pct":100}}
,"C:\\Users\\user\\Documents\\POC\\SeviWeb\\app\\lib\\ids.ts": {"lines":{"total":19,"covered":15,"skipped":0,"pct":78.94},"functions":{"total":5,"covered":4,"skipped":0,"pct":80},"statements":{"total":19,"covered":15,"skipped":0,"pct":78.94},"branches":{"total":10,"covered":7,"skipped":0,"pct":70}}
,"C:\\Users\\user\\Documents\\POC\\SeviWeb\\app\\lib\\time.ts": {"lines":{"total":1,"covered":1,"skipped":0,"pct":100},"functions":{"total":1,"covered":1,"skipped":0,"pct":100},"statements":{"total":1,"covered":1,"skipped":0,"pct":100},"branches":{"total":1,"covered":1,"skipped":0,"pct":100}}
,"C:\\Users\\user\\Documents\\POC\\SeviWeb\\app\\lib\\topicCatalog.ts": {"lines":{"total":62,"covered":53,"skipped":0,"pct":85.48},"functions":{"total":17,"covered":17,"skipped":0,"pct":100},"statements":{"total":65,"covered":56,"skipped":0,"pct":86.15},"branches":{"total":63,"covered":45,"skipped":0,"pct":71.42}}
,"C:\\Users\\user\\Documents\\POC\\SeviWeb\\app\\lib\\types.ts": {"lines":{"total":0,"covered":0,"skipped":0,"pct":100},"functions":{"total":0,"covered":0,"skipped":0,"pct":100},"statements":{"total":0,"covered":0,"skipped":0,"pct":100},"branches":{"total":0,"covered":0,"skipped":0,"pct":100}}
,"C:\\Users\\user\\Documents\\POC\\SeviWeb\\app\\lib\\hooks\\useChat.ts": {"lines":{"total":30,"covered":30,"skipped":0,"pct":100},"functions":{"total":7,"covered":7,"skipped":0,"pct":100},"statements":{"total":33,"covered":33,"skipped":0,"pct":100},"branches":{"total":6,"covered":4,"skipped":0,"pct":66.66}}
,"C:\\Users\\user\\Documents\\POC\\SeviWeb\\app\\lib\\hooks\\useSmartScroll.ts": {"lines":{"total":23,"covered":23,"skipped":0,"pct":100},"functions":{"total":4,"covered":4,"skipped":0,"pct":100},"statements":{"total":26,"covered":24,"skipped":0,"pct":92.3},"branches":{"total":14,"covered":11,"skipped":0,"pct":78.57}}
,"C:\\Users\\user\\Documents\\POC\\SeviWeb\\app\\lib\\hooks\\useTypewriter.ts": {"lines":{"total":20,"covered":20,"skipped":0,"pct":100},"functions":{"total":4,"covered":4,"skipped":0,"pct":100},"statements":{"total":21,"covered":21,"skipped":0,"pct":100},"branches":{"total":7,"covered":7,"skipped":0,"pct":100}}
}
